Arguments: 
  /usr/bin/node /usr/local/bin/yarn add @actions/github @actions/core

PATH: 
  /usr/local/sbin:/usr/local/bin:/usr/sbin:/usr/bin:/sbin:/bin:/usr/games:/usr/local/games:/snap/bin:/snap/bin

Yarn version: 
  1.22.17

Node version: 
  12.22.5

Platform: 
  linux x64

Trace: 
  Error: EACCES: permission denied, unlink '/home/nicolas/Documentos/Projetos/estudos-github-actions/node_modules/.yarn-integrity'

npm manifest: 
  {
    "name": "estudos-github-actions",
    "version": "1.0.0",
    "description": "",
    "main": "index.js",
    "scripts": {
      "build": "ncc build src/action.js -o dist",
      "test": "echo \"Error: no test specified\" && exit 1"
    },
    "repository": {
      "type": "git",
      "url": "git+https://github.com/nicolas-andalaft/estudos-github-actions.git"
    },
    "author": "Nicolas Andalaft",
    "license": "MIT",
    "bugs": {
      "url": "https://github.com/nicolas-andalaft/estudos-github-actions/issues"
    },
    "homepage": "https://github.com/nicolas-andalaft/estudos-github-actions#readme",
    "dependencies": {
      "@vercel/ncc": "^0.33.1"
    }
  }

yarn manifest: 
  No manifest

Lockfile: 
  # THIS IS AN AUTOGENERATED FILE. DO NOT EDIT THIS FILE DIRECTLY.
  # yarn lockfile v1
  
  
  "@vercel/ncc@^0.33.1":
    version "0.33.1"
    resolved "https://registry.yarnpkg.com/@vercel/ncc/-/ncc-0.33.1.tgz#b240080a3c1ded9446a30955a06a79851bb38f71"
    integrity sha512-Mlsps/P0PLZwsCFtSol23FGqT3FhBGb4B1AuGQ52JTAtXhak+b0Fh/4T55r0/SVQPeRiX9pNItOEHwakGPmZYA==
